<?xml version="1.0" encoding="UTF-8"?>
<coverage generated="1692778669453" clover="3.2.0">
  <project timestamp="1692778669453" name="All files">
    <metrics statements="114" coveredstatements="75" conditionals="40" coveredconditionals="18" methods="31" coveredmethods="23" elements="185" coveredelements="116" complexity="0" loc="114" ncloc="114" packages="3" files="6" classes="6"/>
    <package name="06-project-2-reminder-app-seanmalan">
      <metrics statements="74" coveredstatements="41" conditionals="28" coveredconditionals="10" methods="19" coveredmethods="14"/>
      <file name="App.js" path="C:\Users\smsea\OneDrive\Documents\DevInstitute\Mobile Dev\06-project-2-reminder-app-seanmalan\App.js">
        <metrics statements="74" coveredstatements="41" conditionals="28" coveredconditionals="10" methods="19" coveredmethods="14"/>
        <line num="18" count="1" type="stmt"/>
        <line num="19" count="0" type="stmt"/>
        <line num="27" count="16" type="stmt"/>
        <line num="28" count="16" type="stmt"/>
        <line num="29" count="16" type="stmt"/>
        <line num="30" count="16" type="stmt"/>
        <line num="31" count="16" type="stmt"/>
        <line num="32" count="16" type="stmt"/>
        <line num="34" count="16" type="stmt"/>
        <line num="35" count="7" type="stmt"/>
        <line num="38" count="16" type="stmt"/>
        <line num="40" count="7" type="stmt"/>
        <line num="41" count="7" type="stmt"/>
        <line num="42" count="7" type="cond" truecount="2" falsecount="0"/>
        <line num="43" count="6" type="stmt"/>
        <line num="45" count="1" type="stmt"/>
        <line num="48" count="0" type="stmt"/>
        <line num="49" count="0" type="stmt"/>
        <line num="53" count="7" type="stmt"/>
        <line num="56" count="16" type="stmt"/>
        <line num="57" count="13" type="cond" truecount="2" falsecount="0"/>
        <line num="58" count="6" type="stmt"/>
        <line num="62" count="16" type="stmt"/>
        <line num="63" count="16" type="cond" truecount="2" falsecount="0"/>
        <line num="64" count="9" type="stmt"/>
        <line num="68" count="16" type="stmt"/>
        <line num="69" count="0" type="stmt"/>
        <line num="70" count="0" type="stmt"/>
        <line num="76" count="0" type="stmt"/>
        <line num="77" count="0" type="stmt"/>
        <line num="78" count="0" type="stmt"/>
        <line num="81" count="16" type="stmt"/>
        <line num="82" count="1" type="cond" truecount="1" falsecount="1"/>
        <line num="83" count="1" type="stmt"/>
        <line num="87" count="16" type="stmt"/>
        <line num="88" count="0" type="stmt"/>
        <line num="91" count="16" type="stmt"/>
        <line num="92" count="0" type="cond" truecount="0" falsecount="4"/>
        <line num="93" count="0" type="stmt"/>
        <line num="95" count="0" type="stmt"/>
        <line num="96" count="0" type="stmt"/>
        <line num="97" count="0" type="stmt"/>
        <line num="100" count="16" type="stmt"/>
        <line num="101" count="1" type="stmt"/>
        <line num="102" count="2" type="stmt"/>
        <line num="103" count="1" type="stmt"/>
        <line num="104" count="1" type="stmt"/>
        <line num="107" count="16" type="stmt"/>
        <line num="108" count="7" type="stmt"/>
        <line num="109" count="7" type="stmt"/>
        <line num="113" count="16" type="stmt"/>
        <line num="142" count="8" type="stmt"/>
        <line num="144" count="8" type="stmt"/>
        <line num="146" count="1" type="stmt"/>
        <line num="147" count="1" type="stmt"/>
        <line num="177" count="0" type="stmt"/>
        <line num="178" count="0" type="cond" truecount="0" falsecount="2"/>
        <line num="179" count="0" type="stmt"/>
        <line num="182" count="0" type="cond" truecount="0" falsecount="2"/>
        <line num="183" count="0" type="cond" truecount="0" falsecount="2"/>
        <line num="184" count="0" type="cond" truecount="0" falsecount="2"/>
        <line num="185" count="0" type="stmt"/>
        <line num="186" count="0" type="stmt"/>
        <line num="187" count="0" type="stmt"/>
        <line num="188" count="0" type="cond" truecount="0" falsecount="2"/>
        <line num="189" count="0" type="cond" truecount="0" falsecount="2"/>
        <line num="190" count="0" type="stmt"/>
        <line num="191" count="0" type="stmt"/>
        <line num="192" count="0" type="stmt"/>
        <line num="193" count="0" type="stmt"/>
        <line num="194" count="0" type="stmt"/>
        <line num="195" count="0" type="stmt"/>
        <line num="196" count="0" type="stmt"/>
        <line num="199" count="0" type="stmt"/>
      </file>
    </package>
    <package name="06-project-2-reminder-app-seanmalan.api">
      <metrics statements="23" coveredstatements="21" conditionals="8" coveredconditionals="5" methods="4" coveredmethods="3"/>
      <file name="localStorage.js" path="C:\Users\smsea\OneDrive\Documents\DevInstitute\Mobile Dev\06-project-2-reminder-app-seanmalan\api\localStorage.js">
        <metrics statements="14" coveredstatements="13" conditionals="4" coveredconditionals="3" methods="2" coveredmethods="2"/>
        <line num="3" count="1" type="stmt"/>
        <line num="5" count="1" type="stmt"/>
        <line num="6" count="9" type="cond" truecount="2" falsecount="0"/>
        <line num="7" count="3" type="stmt"/>
        <line num="8" count="3" type="stmt"/>
        <line num="9" count="3" type="stmt"/>
        <line num="10" count="0" type="stmt"/>
        <line num="12" count="3" type="stmt"/>
        <line num="17" count="1" type="stmt"/>
        <line num="18" count="6" type="stmt"/>
        <line num="19" count="6" type="stmt"/>
        <line num="20" count="2" type="cond" truecount="1" falsecount="1"/>
        <line num="21" count="2" type="stmt"/>
        <line num="24" count="4" type="stmt"/>
      </file>
      <file name="notification.js" path="C:\Users\smsea\OneDrive\Documents\DevInstitute\Mobile Dev\06-project-2-reminder-app-seanmalan\api\notification.js">
        <metrics statements="9" coveredstatements="8" conditionals="4" coveredconditionals="2" methods="2" coveredmethods="1"/>
        <line num="4" count="0" type="stmt"/>
        <line num="13" count="7" type="stmt"/>
        <line num="14" count="7" type="stmt"/>
        <line num="15" count="7" type="cond" truecount="1" falsecount="1"/>
        <line num="16" count="7" type="stmt"/>
        <line num="17" count="7" type="stmt"/>
        <line num="19" count="7" type="cond" truecount="1" falsecount="1"/>
        <line num="20" count="7" type="stmt"/>
        <line num="21" count="7" type="stmt"/>
      </file>
    </package>
    <package name="06-project-2-reminder-app-seanmalan.components">
      <metrics statements="17" coveredstatements="13" conditionals="4" coveredconditionals="3" methods="8" coveredmethods="6"/>
      <file name="AddTodo.js" path="C:\Users\smsea\OneDrive\Documents\DevInstitute\Mobile Dev\06-project-2-reminder-app-seanmalan\components\AddTodo.js">
        <metrics statements="10" coveredstatements="6" conditionals="2" coveredconditionals="2" methods="4" coveredmethods="2"/>
        <line num="10" count="1" type="stmt"/>
        <line num="11" count="11" type="stmt"/>
        <line num="13" count="11" type="stmt"/>
        <line num="14" count="0" type="stmt"/>
        <line num="15" count="0" type="stmt"/>
        <line num="16" count="0" type="stmt"/>
        <line num="17" count="0" type="stmt"/>
        <line num="21" count="11" type="stmt"/>
        <line num="28" count="2" type="stmt"/>
        <line num="48" count="1" type="stmt"/>
      </file>
      <file name="TodoItem.js" path="C:\Users\smsea\OneDrive\Documents\DevInstitute\Mobile Dev\06-project-2-reminder-app-seanmalan\components\TodoItem.js">
        <metrics statements="3" coveredstatements="3" conditionals="0" coveredconditionals="0" methods="1" coveredmethods="1"/>
        <line num="4" count="1" type="stmt"/>
        <line num="5" count="8" type="stmt"/>
        <line num="13" count="8" type="stmt"/>
      </file>
      <file name="TodoItemButtons.js" path="C:\Users\smsea\OneDrive\Documents\DevInstitute\Mobile Dev\06-project-2-reminder-app-seanmalan\components\TodoItemButtons.js">
        <metrics statements="4" coveredstatements="4" conditionals="2" coveredconditionals="1" methods="3" coveredmethods="3"/>
        <line num="5" count="1" type="stmt"/>
        <line num="6" count="8" type="stmt"/>
        <line num="9" count="8" type="stmt"/>
        <line num="13" count="1" type="stmt"/>
      </file>
    </package>
  </project>
</coverage>
