{"C:\\Users\\smsea\\OneDrive\\Documents\\DevInstitute\\Mobile Dev\\06-project-2-reminder-app-seanmalan\\App.js": {"path":"C:\\Users\\smsea\\OneDrive\\Documents\\DevInstitute\\Mobile Dev\\06-project-2-reminder-app-seanmalan\\App.js","statementMap":{"0":{"start":{"line":22,"column":0},"end":{"line":28,"column":3}},"1":{"start":{"line":23,"column":35},"end":{"line":27,"column":3}},"2":{"start":{"line":31,"column":34},"end":{"line":31,"column":46}},"3":{"start":{"line":32,"column":46},"end":{"line":32,"column":61}},"4":{"start":{"line":33,"column":54},"end":{"line":33,"column":70}},"5":{"start":{"line":34,"column":34},"end":{"line":34,"column":46}},"6":{"start":{"line":35,"column":26},"end":{"line":35,"column":46}},"7":{"start":{"line":36,"column":48},"end":{"line":36,"column":63}},"8":{"start":{"line":38,"column":2},"end":{"line":40,"column":9}},"9":{"start":{"line":39,"column":4},"end":{"line":39,"column":40}},"10":{"start":{"line":42,"column":2},"end":{"line":58,"column":9}},"11":{"start":{"line":44,"column":6},"end":{"line":54,"column":7}},"12":{"start":{"line":45,"column":23},"end":{"line":45,"column":68}},"13":{"start":{"line":46,"column":8},"end":{"line":50,"column":9}},"14":{"start":{"line":47,"column":10},"end":{"line":47,"column":35}},"15":{"start":{"line":49,"column":10},"end":{"line":49,"column":36}},"16":{"start":{"line":52,"column":8},"end":{"line":52,"column":61}},"17":{"start":{"line":53,"column":8},"end":{"line":53,"column":34}},"18":{"start":{"line":57,"column":4},"end":{"line":57,"column":19}},"19":{"start":{"line":60,"column":2},"end":{"line":64,"column":24}},"20":{"start":{"line":61,"column":4},"end":{"line":63,"column":5}},"21":{"start":{"line":62,"column":6},"end":{"line":62,"column":30}},"22":{"start":{"line":66,"column":2},"end":{"line":70,"column":34}},"23":{"start":{"line":67,"column":4},"end":{"line":69,"column":5}},"24":{"start":{"line":68,"column":6},"end":{"line":68,"column":30}},"25":{"start":{"line":72,"column":18},"end":{"line":83,"column":3}},"26":{"start":{"line":73,"column":20},"end":{"line":73,"column":33}},"27":{"start":{"line":74,"column":4},"end":{"line":78,"column":7}},"28":{"start":{"line":80,"column":4},"end":{"line":80,"column":25}},"29":{"start":{"line":81,"column":4},"end":{"line":81,"column":34}},"30":{"start":{"line":82,"column":4},"end":{"line":82,"column":49}},"31":{"start":{"line":85,"column":19},"end":{"line":89,"column":3}},"32":{"start":{"line":86,"column":4},"end":{"line":88,"column":5}},"33":{"start":{"line":87,"column":6},"end":{"line":87,"column":29}},"34":{"start":{"line":91,"column":23},"end":{"line":93,"column":3}},"35":{"start":{"line":92,"column":4},"end":{"line":92,"column":43}},"36":{"start":{"line":95,"column":14},"end":{"line":102,"column":3}},"37":{"start":{"line":96,"column":4},"end":{"line":98,"column":5}},"38":{"start":{"line":97,"column":6},"end":{"line":97,"column":13}},"39":{"start":{"line":99,"column":4},"end":{"line":99,"column":22}},"40":{"start":{"line":100,"column":4},"end":{"line":100,"column":24}},"41":{"start":{"line":101,"column":4},"end":{"line":101,"column":28}},"42":{"start":{"line":105,"column":21},"end":{"line":110,"column":3}},"43":{"start":{"line":106,"column":20},"end":{"line":106,"column":33}},"44":{"start":{"line":107,"column":14},"end":{"line":107,"column":59}},"45":{"start":{"line":107,"column":42},"end":{"line":107,"column":58}},"46":{"start":{"line":108,"column":4},"end":{"line":108,"column":25}},"47":{"start":{"line":109,"column":4},"end":{"line":109,"column":25}},"48":{"start":{"line":113,"column":2},"end":{"line":117,"column":9}},"49":{"start":{"line":114,"column":4},"end":{"line":116,"column":6}},"50":{"start":{"line":115,"column":6},"end":{"line":115,"column":35}},"51":{"start":{"line":119,"column":2},"end":{"line":211,"column":4}},"52":{"start":{"line":148,"column":40},"end":{"line":148,"column":64}},"53":{"start":{"line":150,"column":16},"end":{"line":154,"column":18}},"54":{"start":{"line":152,"column":18},"end":{"line":152,"column":47}},"55":{"start":{"line":153,"column":18},"end":{"line":153,"column":44}},"56":{"start":{"line":183,"column":12},"end":{"line":183,"column":37}},"57":{"start":{"line":184,"column":12},"end":{"line":186,"column":13}},"58":{"start":{"line":185,"column":14},"end":{"line":185,"column":21}},"59":{"start":{"line":188,"column":12},"end":{"line":206,"column":13}},"60":{"start":{"line":189,"column":14},"end":{"line":203,"column":15}},"61":{"start":{"line":190,"column":29},"end":{"line":190,"column":63}},"62":{"start":{"line":191,"column":16},"end":{"line":191,"column":30}},"63":{"start":{"line":192,"column":16},"end":{"line":192,"column":46}},"64":{"start":{"line":193,"column":16},"end":{"line":193,"column":40}},"65":{"start":{"line":194,"column":21},"end":{"line":203,"column":15}},"66":{"start":{"line":195,"column":29},"end":{"line":195,"column":63}},"67":{"start":{"line":196,"column":30},"end":{"line":196,"column":45}},"68":{"start":{"line":197,"column":32},"end":{"line":197,"column":49}},"69":{"start":{"line":198,"column":32},"end":{"line":198,"column":33}},"70":{"start":{"line":199,"column":36},"end":{"line":199,"column":50}},"71":{"start":{"line":200,"column":16},"end":{"line":200,"column":62}},"72":{"start":{"line":201,"column":16},"end":{"line":201,"column":37}},"73":{"start":{"line":202,"column":16},"end":{"line":202,"column":37}},"74":{"start":{"line":205,"column":14},"end":{"line":205,"column":44}}},"fnMap":{"0":{"name":"(anonymous_0)","decl":{"start":{"line":23,"column":22},"end":{"line":23,"column":23}},"loc":{"start":{"line":23,"column":35},"end":{"line":27,"column":3}},"line":23},"1":{"name":"App","decl":{"start":{"line":30,"column":24},"end":{"line":30,"column":27}},"loc":{"start":{"line":30,"column":30},"end":{"line":212,"column":1}},"line":30},"2":{"name":"(anonymous_2)","decl":{"start":{"line":38,"column":12},"end":{"line":38,"column":13}},"loc":{"start":{"line":38,"column":18},"end":{"line":40,"column":3}},"line":38},"3":{"name":"(anonymous_3)","decl":{"start":{"line":42,"column":12},"end":{"line":42,"column":13}},"loc":{"start":{"line":42,"column":18},"end":{"line":58,"column":3}},"line":42},"4":{"name":"authenticate","decl":{"start":{"line":43,"column":19},"end":{"line":43,"column":31}},"loc":{"start":{"line":43,"column":34},"end":{"line":55,"column":5}},"line":43},"5":{"name":"(anonymous_5)","decl":{"start":{"line":60,"column":12},"end":{"line":60,"column":13}},"loc":{"start":{"line":60,"column":18},"end":{"line":64,"column":3}},"line":60},"6":{"name":"(anonymous_6)","decl":{"start":{"line":66,"column":12},"end":{"line":66,"column":13}},"loc":{"start":{"line":66,"column":18},"end":{"line":70,"column":3}},"line":66},"7":{"name":"(anonymous_7)","decl":{"start":{"line":72,"column":18},"end":{"line":72,"column":19}},"loc":{"start":{"line":72,"column":32},"end":{"line":83,"column":3}},"line":72},"8":{"name":"(anonymous_8)","decl":{"start":{"line":85,"column":19},"end":{"line":85,"column":20}},"loc":{"start":{"line":85,"column":36},"end":{"line":89,"column":3}},"line":85},"9":{"name":"(anonymous_9)","decl":{"start":{"line":91,"column":23},"end":{"line":91,"column":24}},"loc":{"start":{"line":91,"column":35},"end":{"line":93,"column":3}},"line":91},"10":{"name":"(anonymous_10)","decl":{"start":{"line":95,"column":14},"end":{"line":95,"column":15}},"loc":{"start":{"line":95,"column":24},"end":{"line":102,"column":3}},"line":95},"11":{"name":"(anonymous_11)","decl":{"start":{"line":105,"column":21},"end":{"line":105,"column":22}},"loc":{"start":{"line":105,"column":30},"end":{"line":110,"column":3}},"line":105},"12":{"name":"(anonymous_12)","decl":{"start":{"line":107,"column":32},"end":{"line":107,"column":33}},"loc":{"start":{"line":107,"column":42},"end":{"line":107,"column":58}},"line":107},"13":{"name":"(anonymous_13)","decl":{"start":{"line":113,"column":12},"end":{"line":113,"column":13}},"loc":{"start":{"line":113,"column":18},"end":{"line":117,"column":3}},"line":113},"14":{"name":"(anonymous_14)","decl":{"start":{"line":114,"column":11},"end":{"line":114,"column":12}},"loc":{"start":{"line":114,"column":17},"end":{"line":116,"column":5}},"line":114},"15":{"name":"(anonymous_15)","decl":{"start":{"line":148,"column":26},"end":{"line":148,"column":27}},"loc":{"start":{"line":148,"column":40},"end":{"line":148,"column":64}},"line":148},"16":{"name":"(anonymous_16)","decl":{"start":{"line":149,"column":32},"end":{"line":149,"column":33}},"loc":{"start":{"line":150,"column":16},"end":{"line":154,"column":18}},"line":150},"17":{"name":"(anonymous_17)","decl":{"start":{"line":150,"column":46},"end":{"line":150,"column":47}},"loc":{"start":{"line":150,"column":70},"end":{"line":154,"column":17}},"line":150},"18":{"name":"(anonymous_18)","decl":{"start":{"line":182,"column":20},"end":{"line":182,"column":21}},"loc":{"start":{"line":182,"column":43},"end":{"line":207,"column":11}},"line":182}},"branchMap":{"0":{"loc":{"start":{"line":46,"column":8},"end":{"line":50,"column":9}},"type":"if","locations":[{"start":{"line":46,"column":8},"end":{"line":50,"column":9}},{"start":{"line":48,"column":15},"end":{"line":50,"column":9}}],"line":46},"1":{"loc":{"start":{"line":61,"column":4},"end":{"line":63,"column":5}},"type":"if","locations":[{"start":{"line":61,"column":4},"end":{"line":63,"column":5}},{"start":{},"end":{}}],"line":61},"2":{"loc":{"start":{"line":67,"column":4},"end":{"line":69,"column":5}},"type":"if","locations":[{"start":{"line":67,"column":4},"end":{"line":69,"column":5}},{"start":{},"end":{}}],"line":67},"3":{"loc":{"start":{"line":86,"column":4},"end":{"line":88,"column":5}},"type":"if","locations":[{"start":{"line":86,"column":4},"end":{"line":88,"column":5}},{"start":{},"end":{}}],"line":86},"4":{"loc":{"start":{"line":96,"column":4},"end":{"line":98,"column":5}},"type":"if","locations":[{"start":{"line":96,"column":4},"end":{"line":98,"column":5}},{"start":{},"end":{}}],"line":96},"5":{"loc":{"start":{"line":96,"column":8},"end":{"line":96,"column":36}},"type":"binary-expr","locations":[{"start":{"line":96,"column":8},"end":{"line":96,"column":21}},{"start":{"line":96,"column":25},"end":{"line":96,"column":36}}],"line":96},"6":{"loc":{"start":{"line":121,"column":7},"end":{"line":174,"column":7}},"type":"cond-expr","locations":[{"start":{"line":122,"column":8},"end":{"line":167,"column":15}},{"start":{"line":169,"column":8},"end":{"line":173,"column":15}}],"line":121},"7":{"loc":{"start":{"line":176,"column":7},"end":{"line":209,"column":14}},"type":"cond-expr","locations":[{"start":{"line":177,"column":8},"end":{"line":208,"column":10}},{"start":{"line":209,"column":10},"end":{"line":209,"column":14}}],"line":176},"8":{"loc":{"start":{"line":184,"column":12},"end":{"line":186,"column":13}},"type":"if","locations":[{"start":{"line":184,"column":12},"end":{"line":186,"column":13}},{"start":{},"end":{}}],"line":184},"9":{"loc":{"start":{"line":188,"column":12},"end":{"line":206,"column":13}},"type":"if","locations":[{"start":{"line":188,"column":12},"end":{"line":206,"column":13}},{"start":{"line":204,"column":19},"end":{"line":206,"column":13}}],"line":188},"10":{"loc":{"start":{"line":189,"column":14},"end":{"line":203,"column":15}},"type":"if","locations":[{"start":{"line":189,"column":14},"end":{"line":203,"column":15}},{"start":{"line":194,"column":21},"end":{"line":203,"column":15}}],"line":189},"11":{"loc":{"start":{"line":190,"column":29},"end":{"line":190,"column":63}},"type":"binary-expr","locations":[{"start":{"line":190,"column":29},"end":{"line":190,"column":49}},{"start":{"line":190,"column":53},"end":{"line":190,"column":63}}],"line":190},"12":{"loc":{"start":{"line":194,"column":21},"end":{"line":203,"column":15}},"type":"if","locations":[{"start":{"line":194,"column":21},"end":{"line":203,"column":15}},{"start":{},"end":{}}],"line":194},"13":{"loc":{"start":{"line":195,"column":29},"end":{"line":195,"column":63}},"type":"binary-expr","locations":[{"start":{"line":195,"column":29},"end":{"line":195,"column":49}},{"start":{"line":195,"column":53},"end":{"line":195,"column":63}}],"line":195}},"s":{"0":1,"1":0,"2":16,"3":16,"4":16,"5":16,"6":16,"7":16,"8":16,"9":7,"10":16,"11":7,"12":7,"13":7,"14":6,"15":1,"16":0,"17":0,"18":7,"19":16,"20":13,"21":6,"22":16,"23":16,"24":9,"25":16,"26":0,"27":0,"28":0,"29":0,"30":0,"31":16,"32":1,"33":1,"34":16,"35":0,"36":16,"37":0,"38":0,"39":0,"40":0,"41":0,"42":16,"43":1,"44":1,"45":2,"46":1,"47":1,"48":16,"49":7,"50":7,"51":16,"52":8,"53":8,"54":1,"55":1,"56":0,"57":0,"58":0,"59":0,"60":0,"61":0,"62":0,"63":0,"64":0,"65":0,"66":0,"67":0,"68":0,"69":0,"70":0,"71":0,"72":0,"73":0,"74":0},"f":{"0":0,"1":16,"2":7,"3":7,"4":7,"5":13,"6":16,"7":0,"8":1,"9":0,"10":0,"11":1,"12":2,"13":7,"14":7,"15":8,"16":8,"17":1,"18":0},"b":{"0":[6,1],"1":[6,7],"2":[9,7],"3":[1,0],"4":[0,0],"5":[0,0],"6":[9,7],"7":[0,16],"8":[0,0],"9":[0,0],"10":[0,0],"11":[0,0],"12":[0,0],"13":[0,0]},"_coverageSchema":"1a1c01bbd47fc00a2c39e90264f33305004495a9","hash":"98ed2a13461e71981b4eb7325aa2dff4041d81d9"}
,"C:\\Users\\smsea\\OneDrive\\Documents\\DevInstitute\\Mobile Dev\\06-project-2-reminder-app-seanmalan\\api\\localStorage.js": {"path":"C:\\Users\\smsea\\OneDrive\\Documents\\DevInstitute\\Mobile Dev\\06-project-2-reminder-app-seanmalan\\api\\localStorage.js","statementMap":{"0":{"start":{"line":3,"column":20},"end":{"line":3,"column":35}},"1":{"start":{"line":5,"column":29},"end":{"line":15,"column":1}},"2":{"start":{"line":6,"column":2},"end":{"line":14,"column":3}},"3":{"start":{"line":7,"column":4},"end":{"line":13,"column":5}},"4":{"start":{"line":8,"column":24},"end":{"line":8,"column":45}},"5":{"start":{"line":9,"column":6},"end":{"line":9,"column":61}},"6":{"start":{"line":10,"column":6},"end":{"line":10,"column":45}},"7":{"start":{"line":12,"column":6},"end":{"line":12,"column":25}},"8":{"start":{"line":17,"column":26},"end":{"line":26,"column":1}},"9":{"start":{"line":18,"column":2},"end":{"line":25,"column":3}},"10":{"start":{"line":19,"column":22},"end":{"line":19,"column":61}},"11":{"start":{"line":20,"column":4},"end":{"line":22,"column":5}},"12":{"start":{"line":21,"column":6},"end":{"line":21,"column":41}},"13":{"start":{"line":24,"column":4},"end":{"line":24,"column":23}}},"fnMap":{"0":{"name":"(anonymous_0)","decl":{"start":{"line":5,"column":29},"end":{"line":5,"column":30}},"loc":{"start":{"line":5,"column":46},"end":{"line":15,"column":1}},"line":5},"1":{"name":"(anonymous_1)","decl":{"start":{"line":17,"column":26},"end":{"line":17,"column":27}},"loc":{"start":{"line":17,"column":49},"end":{"line":26,"column":1}},"line":17}},"branchMap":{"0":{"loc":{"start":{"line":6,"column":2},"end":{"line":14,"column":3}},"type":"if","locations":[{"start":{"line":6,"column":2},"end":{"line":14,"column":3}},{"start":{},"end":{}}],"line":6},"1":{"loc":{"start":{"line":20,"column":4},"end":{"line":22,"column":5}},"type":"if","locations":[{"start":{"line":20,"column":4},"end":{"line":22,"column":5}},{"start":{},"end":{}}],"line":20}},"s":{"0":1,"1":1,"2":9,"3":3,"4":3,"5":3,"6":0,"7":3,"8":1,"9":6,"10":6,"11":2,"12":2,"13":4},"f":{"0":9,"1":6},"b":{"0":[3,6],"1":[2,0]},"_coverageSchema":"1a1c01bbd47fc00a2c39e90264f33305004495a9","hash":"ae3382bfba28819d1193db28612779008b413786"}
,"C:\\Users\\smsea\\OneDrive\\Documents\\DevInstitute\\Mobile Dev\\06-project-2-reminder-app-seanmalan\\api\\notification.js": {"path":"C:\\Users\\smsea\\OneDrive\\Documents\\DevInstitute\\Mobile Dev\\06-project-2-reminder-app-seanmalan\\api\\notification.js","statementMap":{"0":{"start":{"line":6,"column":2},"end":{"line":11,"column":5}},"1":{"start":{"line":15,"column":39},"end":{"line":15,"column":80}},"2":{"start":{"line":16,"column":22},"end":{"line":16,"column":36}},"3":{"start":{"line":17,"column":4},"end":{"line":20,"column":5}},"4":{"start":{"line":18,"column":25},"end":{"line":18,"column":70}},"5":{"start":{"line":19,"column":6},"end":{"line":19,"column":27}},"6":{"start":{"line":21,"column":4},"end":{"line":24,"column":5}},"7":{"start":{"line":22,"column":6},"end":{"line":22,"column":69}},"8":{"start":{"line":23,"column":6},"end":{"line":23,"column":13}}},"fnMap":{"0":{"name":"schedulePushNotification","decl":{"start":{"line":5,"column":22},"end":{"line":5,"column":46}},"loc":{"start":{"line":5,"column":60},"end":{"line":12,"column":1}},"line":5},"1":{"name":"registerForPushNotificationsAsync","decl":{"start":{"line":14,"column":22},"end":{"line":14,"column":55}},"loc":{"start":{"line":14,"column":58},"end":{"line":27,"column":1}},"line":14}},"branchMap":{"0":{"loc":{"start":{"line":17,"column":4},"end":{"line":20,"column":5}},"type":"if","locations":[{"start":{"line":17,"column":4},"end":{"line":20,"column":5}},{"start":{},"end":{}}],"line":17},"1":{"loc":{"start":{"line":21,"column":4},"end":{"line":24,"column":5}},"type":"if","locations":[{"start":{"line":21,"column":4},"end":{"line":24,"column":5}},{"start":{},"end":{}}],"line":21}},"s":{"0":0,"1":7,"2":7,"3":7,"4":7,"5":7,"6":7,"7":7,"8":7},"f":{"0":0,"1":7},"b":{"0":[7,0],"1":[7,0]},"_coverageSchema":"1a1c01bbd47fc00a2c39e90264f33305004495a9","hash":"1b5b07ccd08a4424cf7d3a0d74a2f0f9f4ec23ca"}
,"C:\\Users\\smsea\\OneDrive\\Documents\\DevInstitute\\Mobile Dev\\06-project-2-reminder-app-seanmalan\\components\\AddTodo.js": {"path":"C:\\Users\\smsea\\OneDrive\\Documents\\DevInstitute\\Mobile Dev\\06-project-2-reminder-app-seanmalan\\components\\AddTodo.js","statementMap":{"0":{"start":{"line":5,"column":16},"end":{"line":32,"column":1}},"1":{"start":{"line":6,"column":26},"end":{"line":6,"column":38}},"2":{"start":{"line":8,"column":24},"end":{"line":14,"column":3}},"3":{"start":{"line":9,"column":4},"end":{"line":9,"column":29}},"4":{"start":{"line":10,"column":4},"end":{"line":10,"column":16}},"5":{"start":{"line":11,"column":4},"end":{"line":13,"column":5}},"6":{"start":{"line":12,"column":6},"end":{"line":12,"column":50}},"7":{"start":{"line":16,"column":2},"end":{"line":31,"column":4}},"8":{"start":{"line":23,"column":31},"end":{"line":23,"column":41}},"9":{"start":{"line":36,"column":15},"end":{"line":75,"column":2}}},"fnMap":{"0":{"name":"(anonymous_0)","decl":{"start":{"line":5,"column":16},"end":{"line":5,"column":17}},"loc":{"start":{"line":5,"column":33},"end":{"line":32,"column":1}},"line":5},"1":{"name":"(anonymous_1)","decl":{"start":{"line":8,"column":24},"end":{"line":8,"column":25}},"loc":{"start":{"line":8,"column":30},"end":{"line":14,"column":3}},"line":8},"2":{"name":"(anonymous_2)","decl":{"start":{"line":11,"column":4},"end":{"line":11,"column":5}},"loc":{"start":{"line":11,"column":16},"end":{"line":13,"column":5}},"line":11},"3":{"name":"(anonymous_3)","decl":{"start":{"line":23,"column":24},"end":{"line":23,"column":25}},"loc":{"start":{"line":23,"column":31},"end":{"line":23,"column":41}},"line":23}},"branchMap":{"0":{"loc":{"start":{"line":27,"column":7},"end":{"line":29,"column":7}},"type":"binary-expr","locations":[{"start":{"line":27,"column":7},"end":{"line":27,"column":22}},{"start":{"line":28,"column":6},"end":{"line":28,"column":141}}],"line":27}},"s":{"0":1,"1":10,"2":10,"3":0,"4":0,"5":0,"6":0,"7":10,"8":1,"9":1},"f":{"0":10,"1":0,"2":0,"3":1},"b":{"0":[10,1]},"_coverageSchema":"1a1c01bbd47fc00a2c39e90264f33305004495a9","hash":"7b6073326272ea99288c84b7e3a582bc9d997cec"}
,"C:\\Users\\smsea\\OneDrive\\Documents\\DevInstitute\\Mobile Dev\\06-project-2-reminder-app-seanmalan\\components\\TodoItem.js": {"path":"C:\\Users\\smsea\\OneDrive\\Documents\\DevInstitute\\Mobile Dev\\06-project-2-reminder-app-seanmalan\\components\\TodoItem.js","statementMap":{"0":{"start":{"line":4,"column":17},"end":{"line":63,"column":1}},"1":{"start":{"line":5,"column":24},"end":{"line":11,"column":37}},"2":{"start":{"line":13,"column":2},"end":{"line":62,"column":4}}},"fnMap":{"0":{"name":"(anonymous_0)","decl":{"start":{"line":4,"column":17},"end":{"line":4,"column":18}},"loc":{"start":{"line":4,"column":31},"end":{"line":63,"column":1}},"line":4}},"branchMap":{},"s":{"0":1,"1":8,"2":8},"f":{"0":8},"b":{},"_coverageSchema":"1a1c01bbd47fc00a2c39e90264f33305004495a9","hash":"8980656101a46e16ba2d9a3d6ba80eafa405840b"}
,"C:\\Users\\smsea\\OneDrive\\Documents\\DevInstitute\\Mobile Dev\\06-project-2-reminder-app-seanmalan\\components\\TodoItemButtons.js": {"path":"C:\\Users\\smsea\\OneDrive\\Documents\\DevInstitute\\Mobile Dev\\06-project-2-reminder-app-seanmalan\\components\\TodoItemButtons.js","statementMap":{"0":{"start":{"line":5,"column":24},"end":{"line":21,"column":1}},"1":{"start":{"line":6,"column":2},"end":{"line":20,"column":9}},"2":{"start":{"line":9,"column":31},"end":{"line":12,"column":7}},"3":{"start":{"line":13,"column":21},"end":{"line":13,"column":53}}},"fnMap":{"0":{"name":"(anonymous_0)","decl":{"start":{"line":5,"column":24},"end":{"line":5,"column":25}},"loc":{"start":{"line":6,"column":2},"end":{"line":20,"column":9}},"line":6},"1":{"name":"(anonymous_1)","decl":{"start":{"line":9,"column":13},"end":{"line":9,"column":14}},"loc":{"start":{"line":9,"column":31},"end":{"line":12,"column":7}},"line":9},"2":{"name":"(anonymous_2)","decl":{"start":{"line":13,"column":15},"end":{"line":13,"column":16}},"loc":{"start":{"line":13,"column":21},"end":{"line":13,"column":53}},"line":13}},"branchMap":{"0":{"loc":{"start":{"line":10,"column":25},"end":{"line":10,"column":51}},"type":"cond-expr","locations":[{"start":{"line":10,"column":35},"end":{"line":10,"column":40}},{"start":{"line":10,"column":43},"end":{"line":10,"column":51}}],"line":10}},"s":{"0":1,"1":8,"2":8,"3":1},"f":{"0":8,"1":8,"2":1},"b":{"0":[0,8]},"_coverageSchema":"1a1c01bbd47fc00a2c39e90264f33305004495a9","hash":"1a3d5fffbbddeaa61aea2e0207007eda37325988"}
}
