{"/Users/seanmalan/Documents/DevInstitute/MobileDev/06-project-2-reminder-app-seanmalan/App.js": {"path":"/Users/seanmalan/Documents/DevInstitute/MobileDev/06-project-2-reminder-app-seanmalan/App.js","statementMap":{"0":{"start":{"line":22,"column":0},"end":{"line":28,"column":3}},"1":{"start":{"line":23,"column":35},"end":{"line":27,"column":3}},"2":{"start":{"line":31,"column":34},"end":{"line":31,"column":46}},"3":{"start":{"line":32,"column":46},"end":{"line":32,"column":61}},"4":{"start":{"line":33,"column":54},"end":{"line":33,"column":70}},"5":{"start":{"line":34,"column":34},"end":{"line":34,"column":46}},"6":{"start":{"line":35,"column":26},"end":{"line":35,"column":46}},"7":{"start":{"line":36,"column":48},"end":{"line":36,"column":63}},"8":{"start":{"line":38,"column":2},"end":{"line":40,"column":9}},"9":{"start":{"line":39,"column":4},"end":{"line":39,"column":40}},"10":{"start":{"line":42,"column":2},"end":{"line":58,"column":9}},"11":{"start":{"line":44,"column":6},"end":{"line":54,"column":7}},"12":{"start":{"line":45,"column":23},"end":{"line":45,"column":68}},"13":{"start":{"line":46,"column":8},"end":{"line":50,"column":9}},"14":{"start":{"line":47,"column":10},"end":{"line":47,"column":35}},"15":{"start":{"line":49,"column":10},"end":{"line":49,"column":36}},"16":{"start":{"line":52,"column":8},"end":{"line":52,"column":61}},"17":{"start":{"line":53,"column":8},"end":{"line":53,"column":34}},"18":{"start":{"line":57,"column":4},"end":{"line":57,"column":19}},"19":{"start":{"line":60,"column":2},"end":{"line":74,"column":24}},"20":{"start":{"line":61,"column":4},"end":{"line":73,"column":5}},"21":{"start":{"line":62,"column":22},"end":{"line":71,"column":7}},"22":{"start":{"line":63,"column":8},"end":{"line":70,"column":9}},"23":{"start":{"line":64,"column":28},"end":{"line":64,"column":71}},"24":{"start":{"line":65,"column":10},"end":{"line":67,"column":11}},"25":{"start":{"line":66,"column":12},"end":{"line":66,"column":47}},"26":{"start":{"line":69,"column":10},"end":{"line":69,"column":29}},"27":{"start":{"line":72,"column":6},"end":{"line":72,"column":16}},"28":{"start":{"line":76,"column":2},"end":{"line":91,"column":34}},"29":{"start":{"line":77,"column":4},"end":{"line":90,"column":5}},"30":{"start":{"line":78,"column":24},"end":{"line":88,"column":7}},"31":{"start":{"line":79,"column":8},"end":{"line":87,"column":9}},"32":{"start":{"line":80,"column":10},"end":{"line":86,"column":11}},"33":{"start":{"line":81,"column":30},"end":{"line":81,"column":51}},"34":{"start":{"line":82,"column":12},"end":{"line":82,"column":67}},"35":{"start":{"line":83,"column":12},"end":{"line":83,"column":51}},"36":{"start":{"line":85,"column":12},"end":{"line":85,"column":31}},"37":{"start":{"line":89,"column":6},"end":{"line":89,"column":26}},"38":{"start":{"line":93,"column":18},"end":{"line":104,"column":3}},"39":{"start":{"line":94,"column":20},"end":{"line":94,"column":33}},"40":{"start":{"line":95,"column":4},"end":{"line":99,"column":7}},"41":{"start":{"line":101,"column":4},"end":{"line":101,"column":25}},"42":{"start":{"line":102,"column":4},"end":{"line":102,"column":34}},"43":{"start":{"line":103,"column":4},"end":{"line":103,"column":49}},"44":{"start":{"line":106,"column":19},"end":{"line":110,"column":3}},"45":{"start":{"line":107,"column":4},"end":{"line":109,"column":5}},"46":{"start":{"line":108,"column":6},"end":{"line":108,"column":29}},"47":{"start":{"line":112,"column":23},"end":{"line":114,"column":3}},"48":{"start":{"line":113,"column":4},"end":{"line":113,"column":43}},"49":{"start":{"line":116,"column":14},"end":{"line":123,"column":3}},"50":{"start":{"line":117,"column":4},"end":{"line":119,"column":5}},"51":{"start":{"line":118,"column":6},"end":{"line":118,"column":13}},"52":{"start":{"line":120,"column":4},"end":{"line":120,"column":22}},"53":{"start":{"line":121,"column":4},"end":{"line":121,"column":24}},"54":{"start":{"line":122,"column":4},"end":{"line":122,"column":28}},"55":{"start":{"line":126,"column":21},"end":{"line":131,"column":3}},"56":{"start":{"line":127,"column":20},"end":{"line":127,"column":33}},"57":{"start":{"line":128,"column":14},"end":{"line":128,"column":59}},"58":{"start":{"line":128,"column":42},"end":{"line":128,"column":58}},"59":{"start":{"line":129,"column":4},"end":{"line":129,"column":25}},"60":{"start":{"line":130,"column":4},"end":{"line":130,"column":25}},"61":{"start":{"line":134,"column":2},"end":{"line":138,"column":9}},"62":{"start":{"line":135,"column":4},"end":{"line":137,"column":6}},"63":{"start":{"line":136,"column":6},"end":{"line":136,"column":35}},"64":{"start":{"line":140,"column":2},"end":{"line":232,"column":4}},"65":{"start":{"line":169,"column":40},"end":{"line":169,"column":64}},"66":{"start":{"line":171,"column":16},"end":{"line":175,"column":18}},"67":{"start":{"line":173,"column":18},"end":{"line":173,"column":47}},"68":{"start":{"line":174,"column":18},"end":{"line":174,"column":44}},"69":{"start":{"line":204,"column":12},"end":{"line":204,"column":37}},"70":{"start":{"line":205,"column":12},"end":{"line":207,"column":13}},"71":{"start":{"line":206,"column":14},"end":{"line":206,"column":21}},"72":{"start":{"line":209,"column":12},"end":{"line":227,"column":13}},"73":{"start":{"line":210,"column":14},"end":{"line":224,"column":15}},"74":{"start":{"line":211,"column":29},"end":{"line":211,"column":63}},"75":{"start":{"line":212,"column":16},"end":{"line":212,"column":30}},"76":{"start":{"line":213,"column":16},"end":{"line":213,"column":46}},"77":{"start":{"line":214,"column":16},"end":{"line":214,"column":40}},"78":{"start":{"line":215,"column":21},"end":{"line":224,"column":15}},"79":{"start":{"line":216,"column":29},"end":{"line":216,"column":63}},"80":{"start":{"line":217,"column":30},"end":{"line":217,"column":45}},"81":{"start":{"line":218,"column":32},"end":{"line":218,"column":49}},"82":{"start":{"line":219,"column":32},"end":{"line":219,"column":33}},"83":{"start":{"line":220,"column":36},"end":{"line":220,"column":50}},"84":{"start":{"line":221,"column":16},"end":{"line":221,"column":62}},"85":{"start":{"line":222,"column":16},"end":{"line":222,"column":37}},"86":{"start":{"line":223,"column":16},"end":{"line":223,"column":37}},"87":{"start":{"line":226,"column":14},"end":{"line":226,"column":44}}},"fnMap":{"0":{"name":"(anonymous_0)","decl":{"start":{"line":23,"column":22},"end":{"line":23,"column":23}},"loc":{"start":{"line":23,"column":35},"end":{"line":27,"column":3}},"line":23},"1":{"name":"App","decl":{"start":{"line":30,"column":24},"end":{"line":30,"column":27}},"loc":{"start":{"line":30,"column":30},"end":{"line":233,"column":1}},"line":30},"2":{"name":"(anonymous_2)","decl":{"start":{"line":38,"column":12},"end":{"line":38,"column":13}},"loc":{"start":{"line":38,"column":18},"end":{"line":40,"column":3}},"line":38},"3":{"name":"(anonymous_3)","decl":{"start":{"line":42,"column":12},"end":{"line":42,"column":13}},"loc":{"start":{"line":42,"column":18},"end":{"line":58,"column":3}},"line":42},"4":{"name":"authenticate","decl":{"start":{"line":43,"column":19},"end":{"line":43,"column":31}},"loc":{"start":{"line":43,"column":34},"end":{"line":55,"column":5}},"line":43},"5":{"name":"(anonymous_5)","decl":{"start":{"line":60,"column":12},"end":{"line":60,"column":13}},"loc":{"start":{"line":60,"column":18},"end":{"line":74,"column":3}},"line":60},"6":{"name":"(anonymous_6)","decl":{"start":{"line":62,"column":22},"end":{"line":62,"column":23}},"loc":{"start":{"line":62,"column":34},"end":{"line":71,"column":7}},"line":62},"7":{"name":"(anonymous_7)","decl":{"start":{"line":76,"column":12},"end":{"line":76,"column":13}},"loc":{"start":{"line":76,"column":18},"end":{"line":91,"column":3}},"line":76},"8":{"name":"(anonymous_8)","decl":{"start":{"line":78,"column":24},"end":{"line":78,"column":25}},"loc":{"start":{"line":78,"column":41},"end":{"line":88,"column":7}},"line":78},"9":{"name":"(anonymous_9)","decl":{"start":{"line":93,"column":18},"end":{"line":93,"column":19}},"loc":{"start":{"line":93,"column":32},"end":{"line":104,"column":3}},"line":93},"10":{"name":"(anonymous_10)","decl":{"start":{"line":106,"column":19},"end":{"line":106,"column":20}},"loc":{"start":{"line":106,"column":36},"end":{"line":110,"column":3}},"line":106},"11":{"name":"(anonymous_11)","decl":{"start":{"line":112,"column":23},"end":{"line":112,"column":24}},"loc":{"start":{"line":112,"column":35},"end":{"line":114,"column":3}},"line":112},"12":{"name":"(anonymous_12)","decl":{"start":{"line":116,"column":14},"end":{"line":116,"column":15}},"loc":{"start":{"line":116,"column":24},"end":{"line":123,"column":3}},"line":116},"13":{"name":"(anonymous_13)","decl":{"start":{"line":126,"column":21},"end":{"line":126,"column":22}},"loc":{"start":{"line":126,"column":30},"end":{"line":131,"column":3}},"line":126},"14":{"name":"(anonymous_14)","decl":{"start":{"line":128,"column":32},"end":{"line":128,"column":33}},"loc":{"start":{"line":128,"column":42},"end":{"line":128,"column":58}},"line":128},"15":{"name":"(anonymous_15)","decl":{"start":{"line":134,"column":12},"end":{"line":134,"column":13}},"loc":{"start":{"line":134,"column":18},"end":{"line":138,"column":3}},"line":134},"16":{"name":"(anonymous_16)","decl":{"start":{"line":135,"column":11},"end":{"line":135,"column":12}},"loc":{"start":{"line":135,"column":17},"end":{"line":137,"column":5}},"line":135},"17":{"name":"(anonymous_17)","decl":{"start":{"line":169,"column":26},"end":{"line":169,"column":27}},"loc":{"start":{"line":169,"column":40},"end":{"line":169,"column":64}},"line":169},"18":{"name":"(anonymous_18)","decl":{"start":{"line":170,"column":32},"end":{"line":170,"column":33}},"loc":{"start":{"line":171,"column":16},"end":{"line":175,"column":18}},"line":171},"19":{"name":"(anonymous_19)","decl":{"start":{"line":171,"column":46},"end":{"line":171,"column":47}},"loc":{"start":{"line":171,"column":70},"end":{"line":175,"column":17}},"line":171},"20":{"name":"(anonymous_20)","decl":{"start":{"line":203,"column":20},"end":{"line":203,"column":21}},"loc":{"start":{"line":203,"column":43},"end":{"line":228,"column":11}},"line":203}},"branchMap":{"0":{"loc":{"start":{"line":46,"column":8},"end":{"line":50,"column":9}},"type":"if","locations":[{"start":{"line":46,"column":8},"end":{"line":50,"column":9}},{"start":{"line":48,"column":15},"end":{"line":50,"column":9}}],"line":46},"1":{"loc":{"start":{"line":61,"column":4},"end":{"line":73,"column":5}},"type":"if","locations":[{"start":{"line":61,"column":4},"end":{"line":73,"column":5}},{"start":{},"end":{}}],"line":61},"2":{"loc":{"start":{"line":65,"column":10},"end":{"line":67,"column":11}},"type":"if","locations":[{"start":{"line":65,"column":10},"end":{"line":67,"column":11}},{"start":{},"end":{}}],"line":65},"3":{"loc":{"start":{"line":77,"column":4},"end":{"line":90,"column":5}},"type":"if","locations":[{"start":{"line":77,"column":4},"end":{"line":90,"column":5}},{"start":{},"end":{}}],"line":77},"4":{"loc":{"start":{"line":79,"column":8},"end":{"line":87,"column":9}},"type":"if","locations":[{"start":{"line":79,"column":8},"end":{"line":87,"column":9}},{"start":{},"end":{}}],"line":79},"5":{"loc":{"start":{"line":107,"column":4},"end":{"line":109,"column":5}},"type":"if","locations":[{"start":{"line":107,"column":4},"end":{"line":109,"column":5}},{"start":{},"end":{}}],"line":107},"6":{"loc":{"start":{"line":117,"column":4},"end":{"line":119,"column":5}},"type":"if","locations":[{"start":{"line":117,"column":4},"end":{"line":119,"column":5}},{"start":{},"end":{}}],"line":117},"7":{"loc":{"start":{"line":117,"column":8},"end":{"line":117,"column":36}},"type":"binary-expr","locations":[{"start":{"line":117,"column":8},"end":{"line":117,"column":21}},{"start":{"line":117,"column":25},"end":{"line":117,"column":36}}],"line":117},"8":{"loc":{"start":{"line":142,"column":7},"end":{"line":195,"column":7}},"type":"cond-expr","locations":[{"start":{"line":143,"column":8},"end":{"line":188,"column":15}},{"start":{"line":190,"column":8},"end":{"line":194,"column":15}}],"line":142},"9":{"loc":{"start":{"line":197,"column":7},"end":{"line":230,"column":14}},"type":"cond-expr","locations":[{"start":{"line":198,"column":8},"end":{"line":229,"column":10}},{"start":{"line":230,"column":10},"end":{"line":230,"column":14}}],"line":197},"10":{"loc":{"start":{"line":205,"column":12},"end":{"line":207,"column":13}},"type":"if","locations":[{"start":{"line":205,"column":12},"end":{"line":207,"column":13}},{"start":{},"end":{}}],"line":205},"11":{"loc":{"start":{"line":209,"column":12},"end":{"line":227,"column":13}},"type":"if","locations":[{"start":{"line":209,"column":12},"end":{"line":227,"column":13}},{"start":{"line":225,"column":19},"end":{"line":227,"column":13}}],"line":209},"12":{"loc":{"start":{"line":210,"column":14},"end":{"line":224,"column":15}},"type":"if","locations":[{"start":{"line":210,"column":14},"end":{"line":224,"column":15}},{"start":{"line":215,"column":21},"end":{"line":224,"column":15}}],"line":210},"13":{"loc":{"start":{"line":211,"column":29},"end":{"line":211,"column":63}},"type":"binary-expr","locations":[{"start":{"line":211,"column":29},"end":{"line":211,"column":49}},{"start":{"line":211,"column":53},"end":{"line":211,"column":63}}],"line":211},"14":{"loc":{"start":{"line":215,"column":21},"end":{"line":224,"column":15}},"type":"if","locations":[{"start":{"line":215,"column":21},"end":{"line":224,"column":15}},{"start":{},"end":{}}],"line":215},"15":{"loc":{"start":{"line":216,"column":29},"end":{"line":216,"column":63}},"type":"binary-expr","locations":[{"start":{"line":216,"column":29},"end":{"line":216,"column":49}},{"start":{"line":216,"column":53},"end":{"line":216,"column":63}}],"line":216}},"s":{"0":1,"1":0,"2":6,"3":6,"4":6,"5":6,"6":6,"7":6,"8":6,"9":3,"10":6,"11":3,"12":3,"13":3,"14":3,"15":0,"16":0,"17":0,"18":3,"19":6,"20":6,"21":3,"22":3,"23":3,"24":0,"25":0,"26":3,"27":3,"28":6,"29":6,"30":3,"31":3,"32":0,"33":0,"34":0,"35":0,"36":0,"37":3,"38":6,"39":0,"40":0,"41":0,"42":0,"43":0,"44":6,"45":0,"46":0,"47":6,"48":0,"49":6,"50":0,"51":0,"52":0,"53":0,"54":0,"55":6,"56":0,"57":0,"58":0,"59":0,"60":0,"61":6,"62":3,"63":3,"64":6,"65":0,"66":0,"67":0,"68":0,"69":0,"70":0,"71":0,"72":0,"73":0,"74":0,"75":0,"76":0,"77":0,"78":0,"79":0,"80":0,"81":0,"82":0,"83":0,"84":0,"85":0,"86":0,"87":0},"f":{"0":0,"1":6,"2":3,"3":3,"4":3,"5":6,"6":3,"7":6,"8":3,"9":0,"10":0,"11":0,"12":0,"13":0,"14":0,"15":3,"16":3,"17":0,"18":0,"19":0,"20":0},"b":{"0":[3,0],"1":[3,3],"2":[0,0],"3":[3,3],"4":[0,3],"5":[0,0],"6":[0,0],"7":[0,0],"8":[3,3],"9":[0,6],"10":[0,0],"11":[0,0],"12":[0,0],"13":[0,0],"14":[0,0],"15":[0,0]},"_coverageSchema":"1a1c01bbd47fc00a2c39e90264f33305004495a9","hash":"5a6c14bd729f47d118ce4d43968ca416f5b008c8"}
,"/Users/seanmalan/Documents/DevInstitute/MobileDev/06-project-2-reminder-app-seanmalan/api/LocalStorage.js": {"path":"/Users/seanmalan/Documents/DevInstitute/MobileDev/06-project-2-reminder-app-seanmalan/api/LocalStorage.js","statementMap":{"0":{"start":{"line":3,"column":20},"end":{"line":3,"column":35}},"1":{"start":{"line":5,"column":29},"end":{"line":7,"column":1}},"2":{"start":{"line":6,"column":2},"end":{"line":6,"column":33}},"3":{"start":{"line":9,"column":26},"end":{"line":14,"column":1}},"4":{"start":{"line":10,"column":2},"end":{"line":13,"column":4}}},"fnMap":{"0":{"name":"(anonymous_0)","decl":{"start":{"line":5,"column":29},"end":{"line":5,"column":30}},"loc":{"start":{"line":5,"column":39},"end":{"line":7,"column":1}},"line":5},"1":{"name":"(anonymous_1)","decl":{"start":{"line":9,"column":26},"end":{"line":9,"column":27}},"loc":{"start":{"line":9,"column":32},"end":{"line":14,"column":1}},"line":9}},"branchMap":{},"s":{"0":1,"1":1,"2":0,"3":1,"4":0},"f":{"0":0,"1":0},"b":{},"_coverageSchema":"1a1c01bbd47fc00a2c39e90264f33305004495a9","hash":"3ea7b58a473b99d5bbab9fc7f293358bd0ef80df"}
,"/Users/seanmalan/Documents/DevInstitute/MobileDev/06-project-2-reminder-app-seanmalan/api/notification.js": {"path":"/Users/seanmalan/Documents/DevInstitute/MobileDev/06-project-2-reminder-app-seanmalan/api/notification.js","statementMap":{"0":{"start":{"line":6,"column":2},"end":{"line":11,"column":5}},"1":{"start":{"line":15,"column":39},"end":{"line":15,"column":80}},"2":{"start":{"line":16,"column":22},"end":{"line":16,"column":36}},"3":{"start":{"line":17,"column":4},"end":{"line":20,"column":5}},"4":{"start":{"line":18,"column":25},"end":{"line":18,"column":70}},"5":{"start":{"line":19,"column":6},"end":{"line":19,"column":27}},"6":{"start":{"line":21,"column":4},"end":{"line":24,"column":5}},"7":{"start":{"line":22,"column":6},"end":{"line":22,"column":69}},"8":{"start":{"line":23,"column":6},"end":{"line":23,"column":13}}},"fnMap":{"0":{"name":"schedulePushNotification","decl":{"start":{"line":5,"column":22},"end":{"line":5,"column":46}},"loc":{"start":{"line":5,"column":60},"end":{"line":12,"column":1}},"line":5},"1":{"name":"registerForPushNotificationsAsync","decl":{"start":{"line":14,"column":22},"end":{"line":14,"column":55}},"loc":{"start":{"line":14,"column":58},"end":{"line":27,"column":1}},"line":14}},"branchMap":{"0":{"loc":{"start":{"line":17,"column":4},"end":{"line":20,"column":5}},"type":"if","locations":[{"start":{"line":17,"column":4},"end":{"line":20,"column":5}},{"start":{},"end":{}}],"line":17},"1":{"loc":{"start":{"line":21,"column":4},"end":{"line":24,"column":5}},"type":"if","locations":[{"start":{"line":21,"column":4},"end":{"line":24,"column":5}},{"start":{},"end":{}}],"line":21}},"s":{"0":0,"1":3,"2":3,"3":3,"4":3,"5":3,"6":3,"7":3,"8":3},"f":{"0":0,"1":3},"b":{"0":[3,0],"1":[3,0]},"_coverageSchema":"1a1c01bbd47fc00a2c39e90264f33305004495a9","hash":"90f9bd42e7f54239e91a33150e1835fb141dc0f1"}
,"/Users/seanmalan/Documents/DevInstitute/MobileDev/06-project-2-reminder-app-seanmalan/components/AddTodo.js": {"path":"/Users/seanmalan/Documents/DevInstitute/MobileDev/06-project-2-reminder-app-seanmalan/components/AddTodo.js","statementMap":{"0":{"start":{"line":5,"column":16},"end":{"line":32,"column":1}},"1":{"start":{"line":6,"column":26},"end":{"line":6,"column":38}},"2":{"start":{"line":8,"column":24},"end":{"line":14,"column":3}},"3":{"start":{"line":9,"column":4},"end":{"line":9,"column":29}},"4":{"start":{"line":10,"column":4},"end":{"line":10,"column":16}},"5":{"start":{"line":11,"column":4},"end":{"line":13,"column":5}},"6":{"start":{"line":12,"column":6},"end":{"line":12,"column":50}},"7":{"start":{"line":16,"column":2},"end":{"line":31,"column":4}},"8":{"start":{"line":23,"column":31},"end":{"line":23,"column":41}},"9":{"start":{"line":36,"column":15},"end":{"line":75,"column":2}}},"fnMap":{"0":{"name":"(anonymous_0)","decl":{"start":{"line":5,"column":16},"end":{"line":5,"column":17}},"loc":{"start":{"line":5,"column":33},"end":{"line":32,"column":1}},"line":5},"1":{"name":"(anonymous_1)","decl":{"start":{"line":8,"column":24},"end":{"line":8,"column":25}},"loc":{"start":{"line":8,"column":30},"end":{"line":14,"column":3}},"line":8},"2":{"name":"(anonymous_2)","decl":{"start":{"line":11,"column":4},"end":{"line":11,"column":5}},"loc":{"start":{"line":11,"column":16},"end":{"line":13,"column":5}},"line":11},"3":{"name":"(anonymous_3)","decl":{"start":{"line":23,"column":24},"end":{"line":23,"column":25}},"loc":{"start":{"line":23,"column":31},"end":{"line":23,"column":41}},"line":23}},"branchMap":{"0":{"loc":{"start":{"line":27,"column":7},"end":{"line":29,"column":7}},"type":"binary-expr","locations":[{"start":{"line":27,"column":7},"end":{"line":27,"column":22}},{"start":{"line":28,"column":6},"end":{"line":28,"column":141}}],"line":27}},"s":{"0":1,"1":3,"2":3,"3":0,"4":0,"5":0,"6":0,"7":3,"8":0,"9":1},"f":{"0":3,"1":0,"2":0,"3":0},"b":{"0":[3,0]},"_coverageSchema":"1a1c01bbd47fc00a2c39e90264f33305004495a9","hash":"8a8c01cc3d6066d4225851e8de8ac59b2cd24ca3"}
,"/Users/seanmalan/Documents/DevInstitute/MobileDev/06-project-2-reminder-app-seanmalan/components/TodoItem.js": {"path":"/Users/seanmalan/Documents/DevInstitute/MobileDev/06-project-2-reminder-app-seanmalan/components/TodoItem.js","statementMap":{"0":{"start":{"line":4,"column":17},"end":{"line":63,"column":1}},"1":{"start":{"line":5,"column":24},"end":{"line":11,"column":37}},"2":{"start":{"line":13,"column":2},"end":{"line":62,"column":4}}},"fnMap":{"0":{"name":"(anonymous_0)","decl":{"start":{"line":4,"column":17},"end":{"line":4,"column":18}},"loc":{"start":{"line":4,"column":31},"end":{"line":63,"column":1}},"line":4}},"branchMap":{},"s":{"0":1,"1":0,"2":0},"f":{"0":0},"b":{},"_coverageSchema":"1a1c01bbd47fc00a2c39e90264f33305004495a9","hash":"54b93706f83e6776599da4e34b7cc6da8537b8d2"}
,"/Users/seanmalan/Documents/DevInstitute/MobileDev/06-project-2-reminder-app-seanmalan/components/TodoItemButtons.js": {"path":"/Users/seanmalan/Documents/DevInstitute/MobileDev/06-project-2-reminder-app-seanmalan/components/TodoItemButtons.js","statementMap":{"0":{"start":{"line":5,"column":24},"end":{"line":20,"column":1}},"1":{"start":{"line":6,"column":2},"end":{"line":19,"column":9}},"2":{"start":{"line":8,"column":31},"end":{"line":11,"column":7}},"3":{"start":{"line":12,"column":21},"end":{"line":12,"column":53}}},"fnMap":{"0":{"name":"(anonymous_0)","decl":{"start":{"line":5,"column":24},"end":{"line":5,"column":25}},"loc":{"start":{"line":6,"column":2},"end":{"line":19,"column":9}},"line":6},"1":{"name":"(anonymous_1)","decl":{"start":{"line":8,"column":13},"end":{"line":8,"column":14}},"loc":{"start":{"line":8,"column":31},"end":{"line":11,"column":7}},"line":8},"2":{"name":"(anonymous_2)","decl":{"start":{"line":12,"column":15},"end":{"line":12,"column":16}},"loc":{"start":{"line":12,"column":21},"end":{"line":12,"column":53}},"line":12}},"branchMap":{"0":{"loc":{"start":{"line":9,"column":25},"end":{"line":9,"column":51}},"type":"cond-expr","locations":[{"start":{"line":9,"column":35},"end":{"line":9,"column":40}},{"start":{"line":9,"column":43},"end":{"line":9,"column":51}}],"line":9}},"s":{"0":1,"1":0,"2":0,"3":0},"f":{"0":0,"1":0,"2":0},"b":{"0":[0,0]},"_coverageSchema":"1a1c01bbd47fc00a2c39e90264f33305004495a9","hash":"dd644cfa3cb941413bc3bbc57d97c200b5be3f00"}
}
