TN:
SF:App.js
FN:19,(anonymous_0)
FN:26,App
FN:34,(anonymous_2)
FN:38,(anonymous_3)
FN:39,authenticate
FN:56,(anonymous_5)
FN:62,(anonymous_6)
FN:68,(anonymous_7)
FN:81,(anonymous_8)
FN:87,(anonymous_9)
FN:91,(anonymous_10)
FN:100,(anonymous_11)
FN:102,(anonymous_12)
FN:107,(anonymous_13)
FN:108,(anonymous_14)
FN:142,(anonymous_15)
FN:143,(anonymous_16)
FN:144,(anonymous_17)
FN:176,(anonymous_18)
FNF:19
FNH:14
FNDA:0,(anonymous_0)
FNDA:16,App
FNDA:7,(anonymous_2)
FNDA:7,(anonymous_3)
FNDA:7,authenticate
FNDA:13,(anonymous_5)
FNDA:16,(anonymous_6)
FNDA:0,(anonymous_7)
FNDA:1,(anonymous_8)
FNDA:0,(anonymous_9)
FNDA:0,(anonymous_10)
FNDA:1,(anonymous_11)
FNDA:2,(anonymous_12)
FNDA:7,(anonymous_13)
FNDA:7,(anonymous_14)
FNDA:8,(anonymous_15)
FNDA:8,(anonymous_16)
FNDA:1,(anonymous_17)
FNDA:0,(anonymous_18)
DA:18,1
DA:19,0
DA:27,16
DA:28,16
DA:29,16
DA:30,16
DA:31,16
DA:32,16
DA:34,16
DA:35,7
DA:38,16
DA:40,7
DA:41,7
DA:42,7
DA:43,6
DA:45,1
DA:48,0
DA:49,0
DA:53,7
DA:56,16
DA:57,13
DA:58,6
DA:62,16
DA:63,16
DA:64,9
DA:68,16
DA:69,0
DA:70,0
DA:76,0
DA:77,0
DA:78,0
DA:81,16
DA:82,1
DA:83,1
DA:87,16
DA:88,0
DA:91,16
DA:92,0
DA:93,0
DA:95,0
DA:96,0
DA:97,0
DA:100,16
DA:101,1
DA:102,2
DA:103,1
DA:104,1
DA:107,16
DA:108,7
DA:109,7
DA:113,16
DA:142,8
DA:144,8
DA:146,1
DA:147,1
DA:177,0
DA:178,0
DA:179,0
DA:182,0
DA:183,0
DA:184,0
DA:185,0
DA:186,0
DA:187,0
DA:188,0
DA:189,0
DA:190,0
DA:191,0
DA:192,0
DA:193,0
DA:194,0
DA:195,0
DA:196,0
DA:199,0
LF:74
LH:41
BRDA:42,0,0,6
BRDA:42,0,1,1
BRDA:57,1,0,6
BRDA:57,1,1,7
BRDA:63,2,0,9
BRDA:63,2,1,7
BRDA:82,3,0,1
BRDA:82,3,1,0
BRDA:92,4,0,0
BRDA:92,4,1,0
BRDA:92,5,0,0
BRDA:92,5,1,0
BRDA:115,6,0,9
BRDA:115,6,1,7
BRDA:170,7,0,0
BRDA:170,7,1,16
BRDA:178,8,0,0
BRDA:178,8,1,0
BRDA:182,9,0,0
BRDA:182,9,1,0
BRDA:183,10,0,0
BRDA:183,10,1,0
BRDA:184,11,0,0
BRDA:184,11,1,0
BRDA:188,12,0,0
BRDA:188,12,1,0
BRDA:189,13,0,0
BRDA:189,13,1,0
BRF:28
BRH:10
end_of_record
TN:
SF:api\localStorage.js
FN:5,(anonymous_0)
FN:17,(anonymous_1)
FNF:2
FNH:2
FNDA:9,(anonymous_0)
FNDA:6,(anonymous_1)
DA:3,1
DA:5,1
DA:6,9
DA:7,3
DA:8,3
DA:9,3
DA:10,0
DA:12,3
DA:17,1
DA:18,6
DA:19,6
DA:20,2
DA:21,2
DA:24,4
LF:14
LH:13
BRDA:6,0,0,3
BRDA:6,0,1,6
BRDA:20,1,0,2
BRDA:20,1,1,0
BRF:4
BRH:3
end_of_record
TN:
SF:api\notification.js
FN:3,schedulePushNotification
FN:12,registerForPushNotificationsAsync
FNF:2
FNH:1
FNDA:0,schedulePushNotification
FNDA:7,registerForPushNotificationsAsync
DA:4,0
DA:13,7
DA:14,7
DA:15,7
DA:16,7
DA:17,7
DA:19,7
DA:20,7
DA:21,7
LF:9
LH:8
BRDA:15,0,0,7
BRDA:15,0,1,0
BRDA:19,1,0,7
BRDA:19,1,1,0
BRF:4
BRH:2
end_of_record
TN:
SF:components\AddTodo.js
FN:10,(anonymous_0)
FN:13,(anonymous_1)
FN:16,(anonymous_2)
FN:28,(anonymous_3)
FNF:4
FNH:2
FNDA:11,(anonymous_0)
FNDA:0,(anonymous_1)
FNDA:0,(anonymous_2)
FNDA:2,(anonymous_3)
DA:10,1
DA:11,11
DA:13,11
DA:14,0
DA:15,0
DA:16,0
DA:17,0
DA:21,11
DA:28,2
DA:48,1
LF:10
LH:6
BRDA:32,0,0,11
BRDA:32,0,1,2
BRF:2
BRH:2
end_of_record
TN:
SF:components\TodoItem.js
FN:4,(anonymous_0)
FNF:1
FNH:1
FNDA:8,(anonymous_0)
DA:4,1
DA:5,8
DA:13,8
LF:3
LH:3
BRF:0
BRH:0
end_of_record
TN:
SF:components\TodoItemButtons.js
FN:5,(anonymous_0)
FN:9,(anonymous_1)
FN:13,(anonymous_2)
FNF:3
FNH:3
FNDA:8,(anonymous_0)
FNDA:8,(anonymous_1)
FNDA:1,(anonymous_2)
DA:5,1
DA:6,8
DA:9,8
DA:13,1
LF:4
LH:4
BRDA:10,0,0,0
BRDA:10,0,1,8
BRF:2
BRH:1
end_of_record
