TN:
SF:App.js
FN:23,(anonymous_0)
FN:30,App
FN:38,(anonymous_2)
FN:42,(anonymous_3)
FN:43,authenticate
FN:60,(anonymous_5)
FN:62,(anonymous_6)
FN:76,(anonymous_7)
FN:78,(anonymous_8)
FN:93,(anonymous_9)
FN:106,(anonymous_10)
FN:112,(anonymous_11)
FN:116,(anonymous_12)
FN:126,(anonymous_13)
FN:128,(anonymous_14)
FN:134,(anonymous_15)
FN:135,(anonymous_16)
FN:169,(anonymous_17)
FN:170,(anonymous_18)
FN:171,(anonymous_19)
FN:203,(anonymous_20)
FNF:21
FNH:10
FNDA:0,(anonymous_0)
FNDA:11,App
FNDA:6,(anonymous_2)
FNDA:6,(anonymous_3)
FNDA:6,authenticate
FNDA:11,(anonymous_5)
FNDA:5,(anonymous_6)
FNDA:11,(anonymous_7)
FNDA:5,(anonymous_8)
FNDA:0,(anonymous_9)
FNDA:0,(anonymous_10)
FNDA:0,(anonymous_11)
FNDA:0,(anonymous_12)
FNDA:0,(anonymous_13)
FNDA:0,(anonymous_14)
FNDA:6,(anonymous_15)
FNDA:6,(anonymous_16)
FNDA:0,(anonymous_17)
FNDA:0,(anonymous_18)
FNDA:0,(anonymous_19)
FNDA:0,(anonymous_20)
DA:22,1
DA:23,0
DA:31,11
DA:32,11
DA:33,11
DA:34,11
DA:35,11
DA:36,11
DA:38,11
DA:39,6
DA:42,11
DA:44,6
DA:45,6
DA:46,6
DA:47,5
DA:49,1
DA:52,0
DA:53,0
DA:57,6
DA:60,11
DA:61,11
DA:62,5
DA:63,5
DA:64,5
DA:65,0
DA:66,0
DA:69,5
DA:72,5
DA:76,11
DA:77,11
DA:78,5
DA:79,5
DA:80,0
DA:81,0
DA:82,0
DA:83,0
DA:85,0
DA:89,5
DA:93,11
DA:94,0
DA:95,0
DA:101,0
DA:102,0
DA:103,0
DA:106,11
DA:107,0
DA:108,0
DA:112,11
DA:113,0
DA:116,11
DA:117,0
DA:118,0
DA:120,0
DA:121,0
DA:122,0
DA:126,11
DA:127,0
DA:128,0
DA:129,0
DA:130,0
DA:134,11
DA:135,6
DA:136,6
DA:140,11
DA:169,0
DA:171,0
DA:173,0
DA:174,0
DA:204,0
DA:205,0
DA:206,0
DA:209,0
DA:210,0
DA:211,0
DA:212,0
DA:213,0
DA:214,0
DA:215,0
DA:216,0
DA:217,0
DA:218,0
DA:219,0
DA:220,0
DA:221,0
DA:222,0
DA:223,0
DA:226,0
LF:87
LH:37
BRDA:46,0,0,5
BRDA:46,0,1,1
BRDA:61,1,0,5
BRDA:61,1,1,6
BRDA:65,2,0,0
BRDA:65,2,1,0
BRDA:77,3,0,5
BRDA:77,3,1,6
BRDA:79,4,0,0
BRDA:79,4,1,5
BRDA:107,5,0,0
BRDA:107,5,1,0
BRDA:117,6,0,0
BRDA:117,6,1,0
BRDA:117,7,0,0
BRDA:117,7,1,0
BRDA:142,8,0,5
BRDA:142,8,1,6
BRDA:197,9,0,0
BRDA:197,9,1,11
BRDA:205,10,0,0
BRDA:205,10,1,0
BRDA:209,11,0,0
BRDA:209,11,1,0
BRDA:210,12,0,0
BRDA:210,12,1,0
BRDA:211,13,0,0
BRDA:211,13,1,0
BRDA:215,14,0,0
BRDA:215,14,1,0
BRDA:216,15,0,0
BRDA:216,15,1,0
BRF:32
BRH:10
end_of_record
TN:
SF:api\localStorage.js
FN:5,(anonymous_0)
FN:9,(anonymous_1)
FNF:2
FNH:0
FNDA:0,(anonymous_0)
FNDA:0,(anonymous_1)
DA:3,1
DA:5,1
DA:6,0
DA:9,1
DA:10,0
LF:5
LH:3
BRF:0
BRH:0
end_of_record
TN:
SF:api\notification.js
FN:5,schedulePushNotification
FN:14,registerForPushNotificationsAsync
FNF:2
FNH:1
FNDA:0,schedulePushNotification
FNDA:6,registerForPushNotificationsAsync
DA:6,0
DA:15,6
DA:16,6
DA:17,6
DA:18,6
DA:19,6
DA:21,6
DA:22,6
DA:23,6
LF:9
LH:8
BRDA:17,0,0,6
BRDA:17,0,1,0
BRDA:21,1,0,6
BRDA:21,1,1,0
BRF:4
BRH:2
end_of_record
TN:
SF:components\AddTodo.js
FN:5,(anonymous_0)
FN:8,(anonymous_1)
FN:11,(anonymous_2)
FN:23,(anonymous_3)
FNF:4
FNH:2
FNDA:7,(anonymous_0)
FNDA:0,(anonymous_1)
FNDA:0,(anonymous_2)
FNDA:2,(anonymous_3)
DA:5,1
DA:6,7
DA:8,7
DA:9,0
DA:10,0
DA:11,0
DA:12,0
DA:16,7
DA:23,2
DA:36,1
LF:10
LH:6
BRDA:27,0,0,7
BRDA:27,0,1,2
BRF:2
BRH:2
end_of_record
TN:
SF:components\TodoItem.js
FN:4,(anonymous_0)
FNF:1
FNH:0
FNDA:0,(anonymous_0)
DA:4,1
DA:5,0
DA:13,0
LF:3
LH:1
BRF:0
BRH:0
end_of_record
TN:
SF:components\TodoItemButtons.js
FN:5,(anonymous_0)
FN:9,(anonymous_1)
FN:13,(anonymous_2)
FNF:3
FNH:0
FNDA:0,(anonymous_0)
FNDA:0,(anonymous_1)
FNDA:0,(anonymous_2)
DA:5,1
DA:6,0
DA:9,0
DA:13,0
LF:4
LH:1
BRDA:10,0,0,0
BRDA:10,0,1,0
BRF:2
BRH:0
end_of_record
